CRITICAL - 2022-08-13 12:05:39 --> Call to a member function getProduto() on null
in APPPATH/Controllers/ProdutoController.php on line 20.
 1 SYSTEMPATH/CodeIgniter.php(898): App\Controllers\ProdutoController->produto()
 2 SYSTEMPATH/CodeIgniter.php(457): CodeIgniter\CodeIgniter->runController()
 3 SYSTEMPATH/CodeIgniter.php(340): CodeIgniter\CodeIgniter->handleRequest()
 4 FCPATH/index.php(67): CodeIgniter\CodeIgniter->run()
 5 SYSTEMPATH/Commands/Server/rewrite.php(43): require_once('FCPATH/index.php')
CRITICAL - 2022-08-13 12:06:06 --> Call to a member function getProduto() on null
in APPPATH/Controllers/ProdutoController.php on line 20.
 1 SYSTEMPATH/CodeIgniter.php(898): App\Controllers\ProdutoController->produto()
 2 SYSTEMPATH/CodeIgniter.php(457): CodeIgniter\CodeIgniter->runController()
 3 SYSTEMPATH/CodeIgniter.php(340): CodeIgniter\CodeIgniter->handleRequest()
 4 FCPATH/index.php(67): CodeIgniter\CodeIgniter->run()
 5 SYSTEMPATH/Commands/Server/rewrite.php(43): require_once('FCPATH/index.php')
CRITICAL - 2022-08-13 12:53:02 --> Call to a member function limit() on array
in APPPATH/Controllers/ProdutoController.php on line 15.
 1 SYSTEMPATH/CodeIgniter.php(898): App\Controllers\ProdutoController->listarTodos()
 2 SYSTEMPATH/CodeIgniter.php(457): CodeIgniter\CodeIgniter->runController()
 3 SYSTEMPATH/CodeIgniter.php(340): CodeIgniter\CodeIgniter->handleRequest()
 4 FCPATH/index.php(67): CodeIgniter\CodeIgniter->run()
 5 SYSTEMPATH/Commands/Server/rewrite.php(43): require_once('FCPATH/index.php')
CRITICAL - 2022-08-13 12:54:36 --> Call to a member function limit() on array
in APPPATH/Controllers/ProdutoController.php on line 15.
 1 SYSTEMPATH/CodeIgniter.php(898): App\Controllers\ProdutoController->listarTodos()
 2 SYSTEMPATH/CodeIgniter.php(457): CodeIgniter\CodeIgniter->runController()
 3 SYSTEMPATH/CodeIgniter.php(340): CodeIgniter\CodeIgniter->handleRequest()
 4 FCPATH/index.php(67): CodeIgniter\CodeIgniter->run()
 5 SYSTEMPATH/Commands/Server/rewrite.php(43): require_once('FCPATH/index.php')
